# JRE version: Java(TM) SE Runtime Environment (8.0_241-b07) (build 1.8.0_241-b07)
# Java VM: Java HotSpot(TM) 64-Bit Server VM (25.241-b07 mixed mode windows-amd64 compressed oops)
Heap:
 PSYoungGen      total 131072K, used 87708K [0x00000000eab00000, 0x00000000f4100000, 0x0000000100000000)
  eden space 110592K, 68% used [0x00000000eab00000,0x00000000ef4b0510,0x00000000f1700000)
  from space 20480K, 59% used [0x00000000f2d00000,0x00000000f38f6ed8,0x00000000f4100000)
  to   space 21504K, 0% used [0x00000000f1700000,0x00000000f1700000,0x00000000f2c00000)
 ParOldGen       total 200704K, used 186935K [0x00000000c0000000, 0x00000000cc400000, 0x00000000eab00000)
  object space 200704K, 93% used [0x00000000c0000000,0x00000000cb68df50,0x00000000cc400000)
 Metaspace       used 129395K, capacity 147204K, committed 147712K, reserved 1177600K
  class space    used 15338K, capacity 20295K, committed 20480K, reserved 1048576K
GC Heap History (10 events):
Event: 35106.434 GC heap before
{Heap before GC invocations=332 (full 6):
 PSYoungGen      total 128000K, used 114221K [0x00000000eab00000, 0x00000000f4080000, 0x0000000100000000)
  eden space 104448K, 100% used [0x00000000eab00000,0x00000000f1100000,0x00000000f1100000)
  from space 23552K, 41% used [0x00000000f1100000,0x00000000f1a8b510,0x00000000f2800000)
  to   space 23552K, 0% used [0x00000000f2980000,0x00000000f2980000,0x00000000f4080000)
 ParOldGen       total 200704K, used 186287K [0x00000000c0000000, 0x00000000cc400000, 0x00000000eab00000)
  object space 200704K, 92% used [0x00000000c0000000,0x00000000cb5ebf50,0x00000000cc400000)
 Metaspace       used 129371K, capacity 147204K, committed 147712K, reserved 1177600K
  class space    used 15338K, capacity 20295K, committed 20480K, reserved 1048576K
Event: 35106.442 GC heap after
Heap after GC invocations=332 (full 6):
 PSYoungGen      total 130048K, used 12080K [0x00000000eab00000, 0x00000000f4080000, 0x0000000100000000)
  eden space 106496K, 0% used [0x00000000eab00000,0x00000000eab00000,0x00000000f1300000)
  from space 23552K, 51% used [0x00000000f2980000,0x00000000f354c2c8,0x00000000f4080000)
  to   space 23040K, 0% used [0x00000000f1300000,0x00000000f1300000,0x00000000f2980000)
 ParOldGen       total 200704K, used 186695K [0x00000000c0000000, 0x00000000cc400000, 0x00000000eab00000)
  object space 200704K, 93% used [0x00000000c0000000,0x00000000cb651f50,0x00000000cc400000)
 Metaspace       used 129371K, capacity 147204K, committed 147712K, reserved 1177600K
  class space    used 15338K, capacity 20295K, committed 20480K, reserved 1048576K
}
Event: 35164.713 GC heap before
{Heap before GC invocations=333 (full 6):
 PSYoungGen      total 130048K, used 118576K [0x00000000eab00000, 0x00000000f4080000, 0x0000000100000000)
  eden space 106496K, 100% used [0x00000000eab00000,0x00000000f1300000,0x00000000f1300000)
  from space 23552K, 51% used [0x00000000f2980000,0x00000000f354c2c8,0x00000000f4080000)
  to   space 23040K, 0% used [0x00000000f1300000,0x00000000f1300000,0x00000000f2980000)
 ParOldGen       total 200704K, used 186695K [0x00000000c0000000, 0x00000000cc400000, 0x00000000eab00000)
  object space 200704K, 93% used [0x00000000c0000000,0x00000000cb651f50,0x00000000cc400000)
 Metaspace       used 129373K, capacity 147204K, committed 147712K, reserved 1177600K
  class space    used 15338K, capacity 20295K, committed 20480K, reserved 1048576K
Event: 35164.720 GC heap after
Heap after GC invocations=333 (full 6):
 PSYoungGen      total 129536K, used 8059K [0x00000000eab00000, 0x00000000f4200000, 0x0000000100000000)
  eden space 106496K, 0% used [0x00000000eab00000,0x00000000eab00000,0x00000000f1300000)
  from space 23040K, 34% used [0x00000000f1300000,0x00000000f1adee88,0x00000000f2980000)
  to   space 23040K, 0% used [0x00000000f2b80000,0x00000000f2b80000,0x00000000f4200000)
 ParOldGen       total 200704K, used 186735K [0x00000000c0000000, 0x00000000cc400000, 0x00000000eab00000)
  object space 200704K, 93% used [0x00000000c0000000,0x00000000cb65bf50,0x00000000cc400000)
 Metaspace       used 129373K, capacity 147204K, committed 147712K, reserved 1177600K
  class space    used 15338K, capacity 20295K, committed 20480K, reserved 1048576K
}
Event: 35166.153 GC heap before
{Heap before GC invocations=334 (full 6):
 PSYoungGen      total 129536K, used 114555K [0x00000000eab00000, 0x00000000f4200000, 0x0000000100000000)
  eden space 106496K, 100% used [0x00000000eab00000,0x00000000f1300000,0x00000000f1300000)
  from space 23040K, 34% used [0x00000000f1300000,0x00000000f1adee88,0x00000000f2980000)
  to   space 23040K, 0% used [0x00000000f2b80000,0x00000000f2b80000,0x00000000f4200000)
 ParOldGen       total 200704K, used 186735K [0x00000000c0000000, 0x00000000cc400000, 0x00000000eab00000)
  object space 200704K, 93% used [0x00000000c0000000,0x00000000cb65bf50,0x00000000cc400000)
 Metaspace       used 129374K, capacity 147204K, committed 147712K, reserved 1177600K
  class space    used 15338K, capacity 20295K, committed 20480K, reserved 1048576K
Event: 35166.160 GC heap after
Heap after GC invocations=334 (full 6):
 PSYoungGen      total 131584K, used 8507K [0x00000000eab00000, 0x00000000f4200000, 0x0000000100000000)
  eden space 108544K, 0% used [0x00000000eab00000,0x00000000eab00000,0x00000000f1500000)
  from space 23040K, 36% used [0x00000000f2b80000,0x00000000f33ceea8,0x00000000f4200000)
  to   space 23040K, 0% used [0x00000000f1500000,0x00000000f1500000,0x00000000f2b80000)
 ParOldGen       total 200704K, used 186775K [0x00000000c0000000, 0x00000000cc400000, 0x00000000eab00000)
  object space 200704K, 93% used [0x00000000c0000000,0x00000000cb665f50,0x00000000cc400000)
 Metaspace       used 129374K, capacity 147204K, committed 147712K, reserved 1177600K
  class space    used 15338K, capacity 20295K, committed 20480K, reserved 1048576K
}
Event: 35167.464 GC heap before
{Heap before GC invocations=335 (full 6):
 PSYoungGen      total 131584K, used 117051K [0x00000000eab00000, 0x00000000f4200000, 0x0000000100000000)
  eden space 108544K, 100% used [0x00000000eab00000,0x00000000f1500000,0x00000000f1500000)
  from space 23040K, 36% used [0x00000000f2b80000,0x00000000f33ceea8,0x00000000f4200000)
  to   space 23040K, 0% used [0x00000000f1500000,0x00000000f1500000,0x00000000f2b80000)
 ParOldGen       total 200704K, used 186775K [0x00000000c0000000, 0x00000000cc400000, 0x00000000eab00000)
  object space 200704K, 93% used [0x00000000c0000000,0x00000000cb665f50,0x00000000cc400000)
 Metaspace       used 129379K, capacity 147204K, committed 147712K, reserved 1177600K
  class space    used 15338K, capacity 20295K, committed 20480K, reserved 1048576K
Event: 35167.472 GC heap after
Heap after GC invocations=335 (full 6):
 PSYoungGen      total 131584K, used 12203K [0x00000000eab00000, 0x00000000f4300000, 0x0000000100000000)
  eden space 108544K, 0% used [0x00000000eab00000,0x00000000eab00000,0x00000000f1500000)
  from space 23040K, 52% used [0x00000000f1500000,0x00000000f20eaea8,0x00000000f2b80000)
  to   space 22528K, 0% used [0x00000000f2d00000,0x00000000f2d00000,0x00000000f4300000)
 ParOldGen       total 200704K, used 186839K [0x00000000c0000000, 0x00000000cc400000, 0x00000000eab00000)
  object space 200704K, 93% used [0x00000000c0000000,0x00000000cb675f50,0x00000000cc400000)
 Metaspace       used 129379K, capacity 147204K, committed 147712K, reserved 1177600K
  class space    used 15338K, capacity 20295K, committed 20480K, reserved 1048576K
}
Event: 35169.914 GC heap before
{Heap before GC invocations=336 (full 6):
 PSYoungGen      total 131584K, used 120747K [0x00000000eab00000, 0x00000000f4300000, 0x0000000100000000)
  eden space 108544K, 100% used [0x00000000eab00000,0x00000000f1500000,0x00000000f1500000)
  from space 23040K, 52% used [0x00000000f1500000,0x00000000f20eaea8,0x00000000f2b80000)
  to   space 22528K, 0% used [0x00000000f2d00000,0x00000000f2d00000,0x00000000f4300000)
 ParOldGen       total 200704K, used 186839K [0x00000000c0000000, 0x00000000cc400000, 0x00000000eab00000)
  object space 200704K, 93% used [0x00000000c0000000,0x00000000cb675f50,0x00000000cc400000)
 Metaspace       used 129391K, capacity 147204K, committed 147712K, reserved 1177600K
  class space    used 15338K, capacity 20295K, committed 20480K, reserved 1048576K
Event: 35169.921 GC heap after
Heap after GC invocations=336 (full 6):
 PSYoungGen      total 131072K, used 12251K [0x00000000eab00000, 0x00000000f4100000, 0x0000000100000000)
  eden space 110592K, 0% used [0x00000000eab00000,0x00000000eab00000,0x00000000f1700000)
  from space 20480K, 59% used [0x00000000f2d00000,0x00000000f38f6ed8,0x00000000f4100000)
  to   space 21504K, 0% used [0x00000000f1700000,0x00000000f1700000,0x00000000f2c00000)
 ParOldGen       total 200704K, used 186935K [0x00000000c0000000, 0x00000000cc400000, 0x00000000eab00000)
  object space 200704K, 93% used [0x00000000c0000000,0x00000000cb68df50,0x00000000cc400000)
 Metaspace       used 129391K, capacity 147204K, committed 147712K, reserved 1177600K
  class space    used 15338K, capacity 20295K, committed 20480K, reserved 1048576K
}

